2023-11-17 15:27:23 INFO     Saving logs in: /home/ukjung18/GIE1/GIE/GIE-master/LOG_DIR/11_17/GO1117/GIE_rot_15_27_23
2023-11-17 15:27:23 INFO     	 (42950, 10, 42950)
2023-11-17 15:27:31 INFO     Total number of parameters 12985930
2023-11-17 15:27:31 INFO     	 Start training
2023-11-17 15:28:27 INFO     	 Epoch 0 | average train loss: 0.1667
2023-11-17 15:28:28 INFO     	 Epoch 0 | average valid loss: 0.0791
2023-11-17 15:29:23 INFO     	 Epoch 1 | average train loss: 0.0847
2023-11-17 15:29:24 INFO     	 Epoch 1 | average valid loss: 0.0766
2023-11-17 15:30:20 INFO     	 Epoch 2 | average train loss: 0.0771
2023-11-17 15:30:21 INFO     	 Epoch 2 | average valid loss: 0.0759
2023-11-17 15:31:16 INFO     	 Epoch 3 | average train loss: 0.0659
2023-11-17 15:31:17 INFO     	 Epoch 3 | average valid loss: 0.0753
2023-11-17 15:32:13 INFO     	 Epoch 4 | average train loss: 0.0521
2023-11-17 15:32:14 INFO     	 Epoch 4 | average valid loss: 0.0743
2023-11-17 15:32:17 INFO     	 valid MR: 3934.66 | MRR: 0.081 | H@1: 0.050 | H@10: 0.139 | H@50: 0.245 | H@100: 0.303
2023-11-17 15:32:17 INFO     	 Saving model at epoch 4 in /home/ukjung18/GIE1/GIE/GIE-master/LOG_DIR/11_17/GO1117/GIE_rot_15_27_23
2023-11-17 15:33:13 INFO     	 Epoch 5 | average train loss: 0.0417
2023-11-17 15:33:14 INFO     	 Epoch 5 | average valid loss: 0.0732
2023-11-17 15:34:10 INFO     	 Epoch 6 | average train loss: 0.0354
2023-11-17 15:34:11 INFO     	 Epoch 6 | average valid loss: 0.0720
2023-11-17 15:35:07 INFO     	 Epoch 7 | average train loss: 0.0313
2023-11-17 15:35:07 INFO     	 Epoch 7 | average valid loss: 0.0708
2023-11-17 15:36:03 INFO     	 Epoch 8 | average train loss: 0.0284
2023-11-17 15:36:03 INFO     	 Epoch 8 | average valid loss: 0.0698
2023-11-17 15:36:58 INFO     	 Epoch 9 | average train loss: 0.0262
2023-11-17 15:36:59 INFO     	 Epoch 9 | average valid loss: 0.0687
2023-11-17 15:37:02 INFO     	 valid MR: 2239.35 | MRR: 0.250 | H@1: 0.185 | H@10: 0.383 | H@50: 0.510 | H@100: 0.563
2023-11-17 15:37:02 INFO     	 Saving model at epoch 9 in /home/ukjung18/GIE1/GIE/GIE-master/LOG_DIR/11_17/GO1117/GIE_rot_15_27_23
2023-11-17 15:37:57 INFO     	 Epoch 10 | average train loss: 0.0245
2023-11-17 15:37:58 INFO     	 Epoch 10 | average valid loss: 0.0679
2023-11-17 15:38:54 INFO     	 Epoch 11 | average train loss: 0.0230
2023-11-17 15:38:55 INFO     	 Epoch 11 | average valid loss: 0.0669
2023-11-17 15:39:50 INFO     	 Epoch 12 | average train loss: 0.0218
2023-11-17 15:39:51 INFO     	 Epoch 12 | average valid loss: 0.0662
2023-11-17 15:40:47 INFO     	 Epoch 13 | average train loss: 0.0207
2023-11-17 15:40:48 INFO     	 Epoch 13 | average valid loss: 0.0655
2023-11-17 15:41:44 INFO     	 Epoch 14 | average train loss: 0.0198
2023-11-17 15:41:45 INFO     	 Epoch 14 | average valid loss: 0.0648
2023-11-17 15:41:47 INFO     	 valid MR: 1969.23 | MRR: 0.313 | H@1: 0.232 | H@10: 0.477 | H@50: 0.605 | H@100: 0.648
2023-11-17 15:41:47 INFO     	 Saving model at epoch 14 in /home/ukjung18/GIE1/GIE/GIE-master/LOG_DIR/11_17/GO1117/GIE_rot_15_27_23
2023-11-17 15:42:42 INFO     	 Epoch 15 | average train loss: 0.0190
2023-11-17 15:42:43 INFO     	 Epoch 15 | average valid loss: 0.0644
2023-11-17 15:43:38 INFO     	 Epoch 16 | average train loss: 0.0182
2023-11-17 15:43:39 INFO     	 Epoch 16 | average valid loss: 0.0639
2023-11-17 15:44:34 INFO     	 Epoch 17 | average train loss: 0.0175
2023-11-17 15:44:35 INFO     	 Epoch 17 | average valid loss: 0.0633
2023-11-17 15:45:30 INFO     	 Epoch 18 | average train loss: 0.0169
2023-11-17 15:45:31 INFO     	 Epoch 18 | average valid loss: 0.0630
2023-11-17 15:46:26 INFO     	 Epoch 19 | average train loss: 0.0163
2023-11-17 15:46:27 INFO     	 Epoch 19 | average valid loss: 0.0627
2023-11-17 15:46:29 INFO     	 valid MR: 1866.89 | MRR: 0.337 | H@1: 0.250 | H@10: 0.511 | H@50: 0.640 | H@100: 0.686
2023-11-17 15:46:29 INFO     	 Saving model at epoch 19 in /home/ukjung18/GIE1/GIE/GIE-master/LOG_DIR/11_17/GO1117/GIE_rot_15_27_23
2023-11-17 15:47:25 INFO     	 Epoch 20 | average train loss: 0.0157
2023-11-17 15:47:26 INFO     	 Epoch 20 | average valid loss: 0.0624
2023-11-17 15:48:21 INFO     	 Epoch 21 | average train loss: 0.0152
2023-11-17 15:48:22 INFO     	 Epoch 21 | average valid loss: 0.0621
2023-11-17 15:49:17 INFO     	 Epoch 22 | average train loss: 0.0147
2023-11-17 15:49:18 INFO     	 Epoch 22 | average valid loss: 0.0619
2023-11-17 15:50:13 INFO     	 Epoch 23 | average train loss: 0.0143
2023-11-17 15:50:14 INFO     	 Epoch 23 | average valid loss: 0.0618
2023-11-17 15:51:09 INFO     	 Epoch 24 | average train loss: 0.0138
2023-11-17 15:51:10 INFO     	 Epoch 24 | average valid loss: 0.0615
2023-11-17 15:51:12 INFO     	 valid MR: 1823.84 | MRR: 0.344 | H@1: 0.252 | H@10: 0.530 | H@50: 0.662 | H@100: 0.709
2023-11-17 15:51:12 INFO     	 Saving model at epoch 24 in /home/ukjung18/GIE1/GIE/GIE-master/LOG_DIR/11_17/GO1117/GIE_rot_15_27_23
2023-11-17 15:52:08 INFO     	 Epoch 25 | average train loss: 0.0134
2023-11-17 15:52:09 INFO     	 Epoch 25 | average valid loss: 0.0614
2023-11-17 15:53:04 INFO     	 Epoch 26 | average train loss: 0.0131
2023-11-17 15:53:05 INFO     	 Epoch 26 | average valid loss: 0.0614
2023-11-17 15:54:00 INFO     	 Epoch 27 | average train loss: 0.0127
2023-11-17 15:54:01 INFO     	 Epoch 27 | average valid loss: 0.0612
2023-11-17 15:54:56 INFO     	 Epoch 28 | average train loss: 0.0123
2023-11-17 15:54:57 INFO     	 Epoch 28 | average valid loss: 0.0612
2023-11-17 15:55:53 INFO     	 Epoch 29 | average train loss: 0.0120
2023-11-17 15:55:53 INFO     	 Epoch 29 | average valid loss: 0.0613
2023-11-17 15:55:56 INFO     	 valid MR: 1800.51 | MRR: 0.345 | H@1: 0.249 | H@10: 0.539 | H@50: 0.673 | H@100: 0.721
2023-11-17 15:55:56 INFO     	 Saving model at epoch 29 in /home/ukjung18/GIE1/GIE/GIE-master/LOG_DIR/11_17/GO1117/GIE_rot_15_27_23
2023-11-17 15:56:52 INFO     	 Epoch 30 | average train loss: 0.0117
2023-11-17 15:56:52 INFO     	 Epoch 30 | average valid loss: 0.0613
2023-11-17 15:57:47 INFO     	 Epoch 31 | average train loss: 0.0113
2023-11-17 15:57:48 INFO     	 Epoch 31 | average valid loss: 0.0614
2023-11-17 15:58:43 INFO     	 Epoch 32 | average train loss: 0.0110
2023-11-17 15:58:44 INFO     	 Epoch 32 | average valid loss: 0.0613
2023-11-17 15:59:39 INFO     	 Epoch 33 | average train loss: 0.0108
2023-11-17 15:59:40 INFO     	 Epoch 33 | average valid loss: 0.0615
2023-11-17 16:00:35 INFO     	 Epoch 34 | average train loss: 0.0105
2023-11-17 16:00:36 INFO     	 Epoch 34 | average valid loss: 0.0616
2023-11-17 16:00:38 INFO     	 valid MR: 1792.82 | MRR: 0.348 | H@1: 0.248 | H@10: 0.546 | H@50: 0.680 | H@100: 0.728
2023-11-17 16:00:38 INFO     	 Saving model at epoch 34 in /home/ukjung18/GIE1/GIE/GIE-master/LOG_DIR/11_17/GO1117/GIE_rot_15_27_23
2023-11-17 16:01:34 INFO     	 Epoch 35 | average train loss: 0.0102
2023-11-17 16:01:35 INFO     	 Epoch 35 | average valid loss: 0.0616
2023-11-17 16:02:29 INFO     	 Epoch 36 | average train loss: 0.0099
2023-11-17 16:02:30 INFO     	 Epoch 36 | average valid loss: 0.0619
2023-11-17 16:03:23 INFO     	 Epoch 37 | average train loss: 0.0097
2023-11-17 16:03:24 INFO     	 Epoch 37 | average valid loss: 0.0618
2023-11-17 16:04:17 INFO     	 Epoch 38 | average train loss: 0.0095
2023-11-17 16:04:18 INFO     	 Epoch 38 | average valid loss: 0.0621
2023-11-17 16:05:11 INFO     	 Epoch 39 | average train loss: 0.0092
2023-11-17 16:05:12 INFO     	 Epoch 39 | average valid loss: 0.0621
2023-11-17 16:05:15 INFO     	 valid MR: 1787.11 | MRR: 0.350 | H@1: 0.249 | H@10: 0.549 | H@50: 0.689 | H@100: 0.733
2023-11-17 16:05:15 INFO     	 Saving model at epoch 39 in /home/ukjung18/GIE1/GIE/GIE-master/LOG_DIR/11_17/GO1117/GIE_rot_15_27_23
2023-11-17 16:06:08 INFO     	 Epoch 40 | average train loss: 0.0090
2023-11-17 16:06:09 INFO     	 Epoch 40 | average valid loss: 0.0624
2023-11-17 16:07:02 INFO     	 Epoch 41 | average train loss: 0.0088
2023-11-17 16:07:03 INFO     	 Epoch 41 | average valid loss: 0.0625
2023-11-17 16:07:56 INFO     	 Epoch 42 | average train loss: 0.0086
2023-11-17 16:07:57 INFO     	 Epoch 42 | average valid loss: 0.0628
2023-11-17 16:08:50 INFO     	 Epoch 43 | average train loss: 0.0084
2023-11-17 16:08:50 INFO     	 Epoch 43 | average valid loss: 0.0630
2023-11-17 16:09:43 INFO     	 Epoch 44 | average train loss: 0.0082
2023-11-17 16:09:44 INFO     	 Epoch 44 | average valid loss: 0.0631
2023-11-17 16:09:47 INFO     	 valid MR: 1791.74 | MRR: 0.350 | H@1: 0.246 | H@10: 0.553 | H@50: 0.693 | H@100: 0.734
2023-11-17 16:10:40 INFO     	 Epoch 45 | average train loss: 0.0080
2023-11-17 16:10:40 INFO     	 Epoch 45 | average valid loss: 0.0633
2023-11-17 16:11:33 INFO     	 Epoch 46 | average train loss: 0.0078
2023-11-17 16:11:34 INFO     	 Epoch 46 | average valid loss: 0.0634
2023-11-17 16:12:27 INFO     	 Epoch 47 | average train loss: 0.0076
2023-11-17 16:12:28 INFO     	 Epoch 47 | average valid loss: 0.0638
2023-11-17 16:13:21 INFO     	 Epoch 48 | average train loss: 0.0075
2023-11-17 16:13:22 INFO     	 Epoch 48 | average valid loss: 0.0640
2023-11-17 16:14:15 INFO     	 Epoch 49 | average train loss: 0.0073
2023-11-17 16:14:16 INFO     	 Epoch 49 | average valid loss: 0.0643
2023-11-17 16:14:18 INFO     	 valid MR: 1803.61 | MRR: 0.352 | H@1: 0.249 | H@10: 0.555 | H@50: 0.694 | H@100: 0.736
2023-11-17 16:14:18 INFO     	 Saving model at epoch 49 in /home/ukjung18/GIE1/GIE/GIE-master/LOG_DIR/11_17/GO1117/GIE_rot_15_27_23
2023-11-17 16:15:12 INFO     	 Epoch 50 | average train loss: 0.0071
2023-11-17 16:15:13 INFO     	 Epoch 50 | average valid loss: 0.0646
2023-11-17 16:16:06 INFO     	 Epoch 51 | average train loss: 0.0070
2023-11-17 16:16:07 INFO     	 Epoch 51 | average valid loss: 0.0645
2023-11-17 16:17:00 INFO     	 Epoch 52 | average train loss: 0.0068
2023-11-17 16:17:00 INFO     	 Epoch 52 | average valid loss: 0.0650
2023-11-17 16:17:53 INFO     	 Epoch 53 | average train loss: 0.0067
2023-11-17 16:17:54 INFO     	 Epoch 53 | average valid loss: 0.0650
2023-11-17 16:18:47 INFO     	 Epoch 54 | average train loss: 0.0065
2023-11-17 16:18:48 INFO     	 Epoch 54 | average valid loss: 0.0652
2023-11-17 16:18:50 INFO     	 valid MR: 1815.11 | MRR: 0.359 | H@1: 0.256 | H@10: 0.561 | H@50: 0.698 | H@100: 0.739
2023-11-17 16:18:50 INFO     	 Saving model at epoch 54 in /home/ukjung18/GIE1/GIE/GIE-master/LOG_DIR/11_17/GO1117/GIE_rot_15_27_23
2023-11-17 16:19:44 INFO     	 Epoch 55 | average train loss: 0.0064
2023-11-17 16:19:44 INFO     	 Epoch 55 | average valid loss: 0.0655
2023-11-17 16:20:37 INFO     	 Epoch 56 | average train loss: 0.0062
2023-11-17 16:20:38 INFO     	 Epoch 56 | average valid loss: 0.0659
2023-11-17 16:21:31 INFO     	 Epoch 57 | average train loss: 0.0061
2023-11-17 16:21:32 INFO     	 Epoch 57 | average valid loss: 0.0662
2023-11-17 16:22:25 INFO     	 Epoch 58 | average train loss: 0.0060
2023-11-17 16:22:26 INFO     	 Epoch 58 | average valid loss: 0.0664
2023-11-17 16:23:19 INFO     	 Epoch 59 | average train loss: 0.0059
2023-11-17 16:23:20 INFO     	 Epoch 59 | average valid loss: 0.0668
2023-11-17 16:23:22 INFO     	 valid MR: 1830.97 | MRR: 0.360 | H@1: 0.258 | H@10: 0.561 | H@50: 0.701 | H@100: 0.741
2023-11-17 16:23:22 INFO     	 Saving model at epoch 59 in /home/ukjung18/GIE1/GIE/GIE-master/LOG_DIR/11_17/GO1117/GIE_rot_15_27_23
2023-11-17 16:24:16 INFO     	 Epoch 60 | average train loss: 0.0057
2023-11-17 16:24:16 INFO     	 Epoch 60 | average valid loss: 0.0668
2023-11-17 16:25:09 INFO     	 Epoch 61 | average train loss: 0.0056
2023-11-17 16:25:10 INFO     	 Epoch 61 | average valid loss: 0.0671
2023-11-17 16:26:03 INFO     	 Epoch 62 | average train loss: 0.0055
2023-11-17 16:26:04 INFO     	 Epoch 62 | average valid loss: 0.0673
2023-11-17 16:26:57 INFO     	 Epoch 63 | average train loss: 0.0054
2023-11-17 16:26:57 INFO     	 Epoch 63 | average valid loss: 0.0678
2023-11-17 16:27:51 INFO     	 Epoch 64 | average train loss: 0.0053
2023-11-17 16:27:52 INFO     	 Epoch 64 | average valid loss: 0.0678
2023-11-17 16:27:54 INFO     	 valid MR: 1843.92 | MRR: 0.364 | H@1: 0.262 | H@10: 0.564 | H@50: 0.702 | H@100: 0.743
2023-11-17 16:27:54 INFO     	 Saving model at epoch 64 in /home/ukjung18/GIE1/GIE/GIE-master/LOG_DIR/11_17/GO1117/GIE_rot_15_27_23
2023-11-17 16:28:47 INFO     	 Epoch 65 | average train loss: 0.0052
2023-11-17 16:28:48 INFO     	 Epoch 65 | average valid loss: 0.0679
2023-11-17 16:29:41 INFO     	 Epoch 66 | average train loss: 0.0051
2023-11-17 16:29:42 INFO     	 Epoch 66 | average valid loss: 0.0685
2023-11-17 16:30:35 INFO     	 Epoch 67 | average train loss: 0.0050
2023-11-17 16:30:35 INFO     	 Epoch 67 | average valid loss: 0.0686
2023-11-17 16:31:28 INFO     	 Epoch 68 | average train loss: 0.0049
2023-11-17 16:31:29 INFO     	 Epoch 68 | average valid loss: 0.0690
2023-11-17 16:32:22 INFO     	 Epoch 69 | average train loss: 0.0048
2023-11-17 16:32:23 INFO     	 Epoch 69 | average valid loss: 0.0693
2023-11-17 16:32:25 INFO     	 valid MR: 1861.91 | MRR: 0.366 | H@1: 0.265 | H@10: 0.565 | H@50: 0.703 | H@100: 0.744
2023-11-17 16:32:25 INFO     	 Saving model at epoch 69 in /home/ukjung18/GIE1/GIE/GIE-master/LOG_DIR/11_17/GO1117/GIE_rot_15_27_23
2023-11-17 16:33:19 INFO     	 Epoch 70 | average train loss: 0.0047
2023-11-17 16:33:19 INFO     	 Epoch 70 | average valid loss: 0.0698
2023-11-17 16:34:12 INFO     	 Epoch 71 | average train loss: 0.0046
2023-11-17 16:34:13 INFO     	 Epoch 71 | average valid loss: 0.0700
2023-11-17 16:35:06 INFO     	 Epoch 72 | average train loss: 0.0046
2023-11-17 16:35:07 INFO     	 Epoch 72 | average valid loss: 0.0702
2023-11-17 16:36:00 INFO     	 Epoch 73 | average train loss: 0.0045
2023-11-17 16:36:01 INFO     	 Epoch 73 | average valid loss: 0.0707
2023-11-17 16:36:54 INFO     	 Epoch 74 | average train loss: 0.0044
2023-11-17 16:36:55 INFO     	 Epoch 74 | average valid loss: 0.0708
2023-11-17 16:36:57 INFO     	 valid MR: 1861.44 | MRR: 0.370 | H@1: 0.269 | H@10: 0.567 | H@50: 0.704 | H@100: 0.744
2023-11-17 16:36:57 INFO     	 Saving model at epoch 74 in /home/ukjung18/GIE1/GIE/GIE-master/LOG_DIR/11_17/GO1117/GIE_rot_15_27_23
2023-11-17 16:37:51 INFO     	 Epoch 75 | average train loss: 0.0043
2023-11-17 16:37:51 INFO     	 Epoch 75 | average valid loss: 0.0711
2023-11-17 16:38:45 INFO     	 Epoch 76 | average train loss: 0.0042
2023-11-17 16:38:45 INFO     	 Epoch 76 | average valid loss: 0.0715
2023-11-17 16:39:39 INFO     	 Epoch 77 | average train loss: 0.0042
2023-11-17 16:39:39 INFO     	 Epoch 77 | average valid loss: 0.0718
2023-11-17 16:40:33 INFO     	 Epoch 78 | average train loss: 0.0041
2023-11-17 16:40:33 INFO     	 Epoch 78 | average valid loss: 0.0719
2023-11-17 16:41:26 INFO     	 Epoch 79 | average train loss: 0.0040
2023-11-17 16:41:27 INFO     	 Epoch 79 | average valid loss: 0.0720
2023-11-17 16:41:29 INFO     	 valid MR: 1863.80 | MRR: 0.372 | H@1: 0.272 | H@10: 0.569 | H@50: 0.707 | H@100: 0.745
2023-11-17 16:41:29 INFO     	 Saving model at epoch 79 in /home/ukjung18/GIE1/GIE/GIE-master/LOG_DIR/11_17/GO1117/GIE_rot_15_27_23
2023-11-17 16:42:23 INFO     	 Epoch 80 | average train loss: 0.0039
2023-11-17 16:42:23 INFO     	 Epoch 80 | average valid loss: 0.0726
2023-11-17 16:43:17 INFO     	 Epoch 81 | average train loss: 0.0039
2023-11-17 16:43:17 INFO     	 Epoch 81 | average valid loss: 0.0728
2023-11-17 16:44:10 INFO     	 Epoch 82 | average train loss: 0.0038
2023-11-17 16:44:11 INFO     	 Epoch 82 | average valid loss: 0.0733
2023-11-17 16:45:04 INFO     	 Epoch 83 | average train loss: 0.0037
2023-11-17 16:45:05 INFO     	 Epoch 83 | average valid loss: 0.0736
2023-11-17 16:45:58 INFO     	 Epoch 84 | average train loss: 0.0037
2023-11-17 16:45:59 INFO     	 Epoch 84 | average valid loss: 0.0740
2023-11-17 16:46:01 INFO     	 valid MR: 1861.29 | MRR: 0.375 | H@1: 0.275 | H@10: 0.572 | H@50: 0.705 | H@100: 0.745
2023-11-17 16:46:01 INFO     	 Saving model at epoch 84 in /home/ukjung18/GIE1/GIE/GIE-master/LOG_DIR/11_17/GO1117/GIE_rot_15_27_23
2023-11-17 16:46:55 INFO     	 Epoch 85 | average train loss: 0.0037
2023-11-17 16:46:56 INFO     	 Epoch 85 | average valid loss: 0.0741
2023-11-17 16:47:48 INFO     	 Epoch 86 | average train loss: 0.0036
2023-11-17 16:47:49 INFO     	 Epoch 86 | average valid loss: 0.0744
2023-11-17 16:48:42 INFO     	 Epoch 87 | average train loss: 0.0035
2023-11-17 16:48:43 INFO     	 Epoch 87 | average valid loss: 0.0748
2023-11-17 16:49:37 INFO     	 Epoch 88 | average train loss: 0.0035
2023-11-17 16:49:37 INFO     	 Epoch 88 | average valid loss: 0.0752
2023-11-17 16:50:30 INFO     	 Epoch 89 | average train loss: 0.0034
2023-11-17 16:50:31 INFO     	 Epoch 89 | average valid loss: 0.0751
2023-11-17 16:50:33 INFO     	 valid MR: 1867.80 | MRR: 0.376 | H@1: 0.278 | H@10: 0.572 | H@50: 0.706 | H@100: 0.746
2023-11-17 16:50:33 INFO     	 Saving model at epoch 89 in /home/ukjung18/GIE1/GIE/GIE-master/LOG_DIR/11_17/GO1117/GIE_rot_15_27_23
2023-11-17 16:51:27 INFO     	 Epoch 90 | average train loss: 0.0034
2023-11-17 16:51:28 INFO     	 Epoch 90 | average valid loss: 0.0756
2023-11-17 16:52:20 INFO     	 Epoch 91 | average train loss: 0.0033
2023-11-17 16:52:21 INFO     	 Epoch 91 | average valid loss: 0.0760
2023-11-17 16:53:15 INFO     	 Epoch 92 | average train loss: 0.0033
2023-11-17 16:53:15 INFO     	 Epoch 92 | average valid loss: 0.0765
2023-11-17 16:54:08 INFO     	 Epoch 93 | average train loss: 0.0032
2023-11-17 16:54:09 INFO     	 Epoch 93 | average valid loss: 0.0765
2023-11-17 16:55:02 INFO     	 Epoch 94 | average train loss: 0.0032
2023-11-17 16:55:03 INFO     	 Epoch 94 | average valid loss: 0.0766
2023-11-17 16:55:05 INFO     	 valid MR: 1878.00 | MRR: 0.378 | H@1: 0.282 | H@10: 0.575 | H@50: 0.707 | H@100: 0.743
2023-11-17 16:55:05 INFO     	 Saving model at epoch 94 in /home/ukjung18/GIE1/GIE/GIE-master/LOG_DIR/11_17/GO1117/GIE_rot_15_27_23
2023-11-17 16:55:59 INFO     	 Epoch 95 | average train loss: 0.0031
2023-11-17 16:56:00 INFO     	 Epoch 95 | average valid loss: 0.0772
2023-11-17 16:56:54 INFO     	 Epoch 96 | average train loss: 0.0031
2023-11-17 16:56:54 INFO     	 Epoch 96 | average valid loss: 0.0774
2023-11-17 16:57:48 INFO     	 Epoch 97 | average train loss: 0.0030
2023-11-17 16:57:49 INFO     	 Epoch 97 | average valid loss: 0.0778
2023-11-17 16:58:42 INFO     	 Epoch 98 | average train loss: 0.0030
2023-11-17 16:58:42 INFO     	 Epoch 98 | average valid loss: 0.0783
2023-11-17 16:59:36 INFO     	 Epoch 99 | average train loss: 0.0030
2023-11-17 16:59:36 INFO     	 Epoch 99 | average valid loss: 0.0787
2023-11-17 16:59:39 INFO     	 valid MR: 1888.94 | MRR: 0.377 | H@1: 0.280 | H@10: 0.571 | H@50: 0.708 | H@100: 0.745
2023-11-17 17:00:32 INFO     	 Epoch 100 | average train loss: 0.0029
2023-11-17 17:00:33 INFO     	 Epoch 100 | average valid loss: 0.0787
2023-11-17 17:01:26 INFO     	 Epoch 101 | average train loss: 0.0029
2023-11-17 17:01:27 INFO     	 Epoch 101 | average valid loss: 0.0791
2023-11-17 17:02:21 INFO     	 Epoch 102 | average train loss: 0.0028
2023-11-17 17:02:21 INFO     	 Epoch 102 | average valid loss: 0.0797
2023-11-17 17:03:15 INFO     	 Epoch 103 | average train loss: 0.0028
2023-11-17 17:03:16 INFO     	 Epoch 103 | average valid loss: 0.0801
2023-11-17 17:04:09 INFO     	 Epoch 104 | average train loss: 0.0028
2023-11-17 17:04:10 INFO     	 Epoch 104 | average valid loss: 0.0802
2023-11-17 17:04:12 INFO     	 valid MR: 1895.45 | MRR: 0.375 | H@1: 0.277 | H@10: 0.570 | H@50: 0.707 | H@100: 0.744
2023-11-17 17:05:06 INFO     	 Epoch 105 | average train loss: 0.0027
2023-11-17 17:05:06 INFO     	 Epoch 105 | average valid loss: 0.0803
2023-11-17 17:05:59 INFO     	 Epoch 106 | average train loss: 0.0027
2023-11-17 17:06:00 INFO     	 Epoch 106 | average valid loss: 0.0810
2023-11-17 17:06:53 INFO     	 Epoch 107 | average train loss: 0.0027
2023-11-17 17:06:54 INFO     	 Epoch 107 | average valid loss: 0.0809
2023-11-17 17:07:47 INFO     	 Epoch 108 | average train loss: 0.0027
2023-11-17 17:07:48 INFO     	 Epoch 108 | average valid loss: 0.0811
2023-11-17 17:08:41 INFO     	 Epoch 109 | average train loss: 0.0026
2023-11-17 17:08:42 INFO     	 Epoch 109 | average valid loss: 0.0813
2023-11-17 17:08:44 INFO     	 valid MR: 1906.14 | MRR: 0.377 | H@1: 0.279 | H@10: 0.573 | H@50: 0.704 | H@100: 0.743
2023-11-17 17:09:38 INFO     	 Epoch 110 | average train loss: 0.0026
2023-11-17 17:09:39 INFO     	 Epoch 110 | average valid loss: 0.0816
2023-11-17 17:10:32 INFO     	 Epoch 111 | average train loss: 0.0026
2023-11-17 17:10:33 INFO     	 Epoch 111 | average valid loss: 0.0820
2023-11-17 17:11:25 INFO     	 Epoch 112 | average train loss: 0.0025
2023-11-17 17:11:26 INFO     	 Epoch 112 | average valid loss: 0.0822
2023-11-17 17:12:19 INFO     	 Epoch 113 | average train loss: 0.0025
2023-11-17 17:12:20 INFO     	 Epoch 113 | average valid loss: 0.0832
2023-11-17 17:13:13 INFO     	 Epoch 114 | average train loss: 0.0025
2023-11-17 17:13:14 INFO     	 Epoch 114 | average valid loss: 0.0829
2023-11-17 17:13:16 INFO     	 valid MR: 1888.58 | MRR: 0.377 | H@1: 0.279 | H@10: 0.572 | H@50: 0.706 | H@100: 0.744
2023-11-17 17:14:09 INFO     	 Epoch 115 | average train loss: 0.0025
2023-11-17 17:14:10 INFO     	 Epoch 115 | average valid loss: 0.0832
2023-11-17 17:15:03 INFO     	 Epoch 116 | average train loss: 0.0024
2023-11-17 17:15:03 INFO     	 Epoch 116 | average valid loss: 0.0838
2023-11-17 17:15:57 INFO     	 Epoch 117 | average train loss: 0.0025
2023-11-17 17:15:57 INFO     	 Epoch 117 | average valid loss: 0.0838
2023-11-17 17:16:50 INFO     	 Epoch 118 | average train loss: 0.0024
2023-11-17 17:16:51 INFO     	 Epoch 118 | average valid loss: 0.0840
2023-11-17 17:17:44 INFO     	 Epoch 119 | average train loss: 0.0024
2023-11-17 17:17:45 INFO     	 Epoch 119 | average valid loss: 0.0847
2023-11-17 17:17:47 INFO     	 valid MR: 1918.11 | MRR: 0.377 | H@1: 0.279 | H@10: 0.570 | H@50: 0.705 | H@100: 0.744
2023-11-17 17:18:40 INFO     	 Epoch 120 | average train loss: 0.0024
2023-11-17 17:18:41 INFO     	 Epoch 120 | average valid loss: 0.0849
2023-11-17 17:19:34 INFO     	 Epoch 121 | average train loss: 0.0024
2023-11-17 17:19:35 INFO     	 Epoch 121 | average valid loss: 0.0850
2023-11-17 17:20:28 INFO     	 Epoch 122 | average train loss: 0.0023
2023-11-17 17:20:29 INFO     	 Epoch 122 | average valid loss: 0.0856
2023-11-17 17:21:22 INFO     	 Epoch 123 | average train loss: 0.0023
2023-11-17 17:21:23 INFO     	 Epoch 123 | average valid loss: 0.0856
2023-11-17 17:22:15 INFO     	 Epoch 124 | average train loss: 0.0023
2023-11-17 17:22:16 INFO     	 Epoch 124 | average valid loss: 0.0860
2023-11-17 17:22:18 INFO     	 valid MR: 1921.06 | MRR: 0.380 | H@1: 0.283 | H@10: 0.573 | H@50: 0.703 | H@100: 0.743
2023-11-17 17:22:18 INFO     	 Saving model at epoch 124 in /home/ukjung18/GIE1/GIE/GIE-master/LOG_DIR/11_17/GO1117/GIE_rot_15_27_23
2023-11-17 17:23:12 INFO     	 Epoch 125 | average train loss: 0.0022
2023-11-17 17:23:13 INFO     	 Epoch 125 | average valid loss: 0.0858
2023-11-17 17:24:06 INFO     	 Epoch 126 | average train loss: 0.0022
2023-11-17 17:24:07 INFO     	 Epoch 126 | average valid loss: 0.0868
2023-11-17 17:25:00 INFO     	 Epoch 127 | average train loss: 0.0022
2023-11-17 17:25:01 INFO     	 Epoch 127 | average valid loss: 0.0865
2023-11-17 17:25:54 INFO     	 Epoch 128 | average train loss: 0.0022
2023-11-17 17:25:54 INFO     	 Epoch 128 | average valid loss: 0.0874
2023-11-17 17:26:47 INFO     	 Epoch 129 | average train loss: 0.0022
2023-11-17 17:26:48 INFO     	 Epoch 129 | average valid loss: 0.0877
2023-11-17 17:26:51 INFO     	 valid MR: 1924.40 | MRR: 0.380 | H@1: 0.283 | H@10: 0.570 | H@50: 0.705 | H@100: 0.742
2023-11-17 17:27:44 INFO     	 Epoch 130 | average train loss: 0.0022
2023-11-17 17:27:45 INFO     	 Epoch 130 | average valid loss: 0.0879
2023-11-17 17:28:38 INFO     	 Epoch 131 | average train loss: 0.0021
2023-11-17 17:28:38 INFO     	 Epoch 131 | average valid loss: 0.0878
2023-11-17 17:29:31 INFO     	 Epoch 132 | average train loss: 0.0021
2023-11-17 17:29:32 INFO     	 Epoch 132 | average valid loss: 0.0880
2023-11-17 17:30:24 INFO     	 Epoch 133 | average train loss: 0.0021
2023-11-17 17:30:25 INFO     	 Epoch 133 | average valid loss: 0.0888
2023-11-17 17:31:18 INFO     	 Epoch 134 | average train loss: 0.0021
2023-11-17 17:31:19 INFO     	 Epoch 134 | average valid loss: 0.0887
2023-11-17 17:31:21 INFO     	 valid MR: 1914.60 | MRR: 0.377 | H@1: 0.279 | H@10: 0.573 | H@50: 0.703 | H@100: 0.741
2023-11-17 17:32:14 INFO     	 Epoch 135 | average train loss: 0.0021
2023-11-17 17:32:14 INFO     	 Epoch 135 | average valid loss: 0.0894
2023-11-17 17:33:07 INFO     	 Epoch 136 | average train loss: 0.0021
2023-11-17 17:33:08 INFO     	 Epoch 136 | average valid loss: 0.0895
2023-11-17 17:34:01 INFO     	 Epoch 137 | average train loss: 0.0020
2023-11-17 17:34:02 INFO     	 Epoch 137 | average valid loss: 0.0895
2023-11-17 17:34:55 INFO     	 Epoch 138 | average train loss: 0.0020
2023-11-17 17:34:55 INFO     	 Epoch 138 | average valid loss: 0.0905
2023-11-17 17:35:48 INFO     	 Epoch 139 | average train loss: 0.0020
2023-11-17 17:35:49 INFO     	 Epoch 139 | average valid loss: 0.0902
2023-11-17 17:35:51 INFO     	 valid MR: 1948.22 | MRR: 0.377 | H@1: 0.281 | H@10: 0.572 | H@50: 0.703 | H@100: 0.743
2023-11-17 17:36:43 INFO     	 Epoch 140 | average train loss: 0.0020
2023-11-17 17:36:44 INFO     	 Epoch 140 | average valid loss: 0.0904
2023-11-17 17:37:37 INFO     	 Epoch 141 | average train loss: 0.0020
2023-11-17 17:37:38 INFO     	 Epoch 141 | average valid loss: 0.0906
2023-11-17 17:38:30 INFO     	 Epoch 142 | average train loss: 0.0020
2023-11-17 17:38:31 INFO     	 Epoch 142 | average valid loss: 0.0910
2023-11-17 17:39:24 INFO     	 Epoch 143 | average train loss: 0.0020
2023-11-17 17:39:25 INFO     	 Epoch 143 | average valid loss: 0.0916
2023-11-17 17:40:18 INFO     	 Epoch 144 | average train loss: 0.0020
2023-11-17 17:40:19 INFO     	 Epoch 144 | average valid loss: 0.0920
2023-11-17 17:40:21 INFO     	 valid MR: 1940.04 | MRR: 0.376 | H@1: 0.279 | H@10: 0.569 | H@50: 0.702 | H@100: 0.743
2023-11-17 17:41:13 INFO     	 Epoch 145 | average train loss: 0.0019
2023-11-17 17:41:14 INFO     	 Epoch 145 | average valid loss: 0.0919
2023-11-17 17:42:07 INFO     	 Epoch 146 | average train loss: 0.0019
2023-11-17 17:42:08 INFO     	 Epoch 146 | average valid loss: 0.0920
2023-11-17 17:43:00 INFO     	 Epoch 147 | average train loss: 0.0019
2023-11-17 17:43:01 INFO     	 Epoch 147 | average valid loss: 0.0927
2023-11-17 17:43:54 INFO     	 Epoch 148 | average train loss: 0.0019
2023-11-17 17:43:54 INFO     	 Epoch 148 | average valid loss: 0.0930
2023-11-17 17:44:47 INFO     	 Epoch 149 | average train loss: 0.0018
2023-11-17 17:44:48 INFO     	 Epoch 149 | average valid loss: 0.0934
2023-11-17 17:44:50 INFO     	 valid MR: 1937.21 | MRR: 0.378 | H@1: 0.283 | H@10: 0.570 | H@50: 0.701 | H@100: 0.741
2023-11-17 17:45:43 INFO     	 Epoch 150 | average train loss: 0.0019
2023-11-17 17:45:43 INFO     	 Epoch 150 | average valid loss: 0.0931
2023-11-17 17:46:36 INFO     	 Epoch 151 | average train loss: 0.0019
2023-11-17 17:46:37 INFO     	 Epoch 151 | average valid loss: 0.0934
2023-11-17 17:47:30 INFO     	 Epoch 152 | average train loss: 0.0019
2023-11-17 17:47:31 INFO     	 Epoch 152 | average valid loss: 0.0945
2023-11-17 17:48:23 INFO     	 Epoch 153 | average train loss: 0.0018
2023-11-17 17:48:24 INFO     	 Epoch 153 | average valid loss: 0.0946
2023-11-17 17:49:17 INFO     	 Epoch 154 | average train loss: 0.0018
2023-11-17 17:49:18 INFO     	 Epoch 154 | average valid loss: 0.0941
2023-11-17 17:49:20 INFO     	 valid MR: 1958.91 | MRR: 0.376 | H@1: 0.279 | H@10: 0.568 | H@50: 0.699 | H@100: 0.740
2023-11-17 17:50:13 INFO     	 Epoch 155 | average train loss: 0.0018
2023-11-17 17:50:13 INFO     	 Epoch 155 | average valid loss: 0.0948
2023-11-17 17:51:06 INFO     	 Epoch 156 | average train loss: 0.0018
2023-11-17 17:51:07 INFO     	 Epoch 156 | average valid loss: 0.0950
2023-11-17 17:51:59 INFO     	 Epoch 157 | average train loss: 0.0018
2023-11-17 17:52:00 INFO     	 Epoch 157 | average valid loss: 0.0947
2023-11-17 17:52:52 INFO     	 Epoch 158 | average train loss: 0.0018
2023-11-17 17:52:53 INFO     	 Epoch 158 | average valid loss: 0.0957
2023-11-17 17:53:46 INFO     	 Epoch 159 | average train loss: 0.0018
2023-11-17 17:53:47 INFO     	 Epoch 159 | average valid loss: 0.0953
2023-11-17 17:53:49 INFO     	 valid MR: 1951.32 | MRR: 0.375 | H@1: 0.278 | H@10: 0.566 | H@50: 0.698 | H@100: 0.740
2023-11-17 17:54:42 INFO     	 Epoch 160 | average train loss: 0.0018
2023-11-17 17:54:42 INFO     	 Epoch 160 | average valid loss: 0.0963
2023-11-17 17:55:35 INFO     	 Epoch 161 | average train loss: 0.0017
2023-11-17 17:55:36 INFO     	 Epoch 161 | average valid loss: 0.0960
2023-11-17 17:56:29 INFO     	 Epoch 162 | average train loss: 0.0018
2023-11-17 17:56:30 INFO     	 Epoch 162 | average valid loss: 0.0970
2023-11-17 17:57:23 INFO     	 Epoch 163 | average train loss: 0.0018
2023-11-17 17:57:23 INFO     	 Epoch 163 | average valid loss: 0.0965
2023-11-17 17:58:16 INFO     	 Epoch 164 | average train loss: 0.0018
2023-11-17 17:58:17 INFO     	 Epoch 164 | average valid loss: 0.0977
2023-11-17 17:58:19 INFO     	 valid MR: 1954.85 | MRR: 0.376 | H@1: 0.281 | H@10: 0.561 | H@50: 0.700 | H@100: 0.738
2023-11-17 17:59:12 INFO     	 Epoch 165 | average train loss: 0.0017
2023-11-17 17:59:12 INFO     	 Epoch 165 | average valid loss: 0.0974
2023-11-17 18:00:05 INFO     	 Epoch 166 | average train loss: 0.0017
2023-11-17 18:00:06 INFO     	 Epoch 166 | average valid loss: 0.0978
2023-11-17 18:00:58 INFO     	 Epoch 167 | average train loss: 0.0017
2023-11-17 18:00:59 INFO     	 Epoch 167 | average valid loss: 0.0981
2023-11-17 18:01:52 INFO     	 Epoch 168 | average train loss: 0.0017
2023-11-17 18:01:52 INFO     	 Epoch 168 | average valid loss: 0.0987
2023-11-17 18:02:46 INFO     	 Epoch 169 | average train loss: 0.0017
2023-11-17 18:02:46 INFO     	 Epoch 169 | average valid loss: 0.0985
2023-11-17 18:02:49 INFO     	 valid MR: 1969.67 | MRR: 0.376 | H@1: 0.279 | H@10: 0.564 | H@50: 0.698 | H@100: 0.739
2023-11-17 18:03:41 INFO     	 Epoch 170 | average train loss: 0.0017
2023-11-17 18:03:42 INFO     	 Epoch 170 | average valid loss: 0.0983
2023-11-17 18:04:34 INFO     	 Epoch 171 | average train loss: 0.0017
2023-11-17 18:04:35 INFO     	 Epoch 171 | average valid loss: 0.0993
2023-11-17 18:05:28 INFO     	 Epoch 172 | average train loss: 0.0017
2023-11-17 18:05:29 INFO     	 Epoch 172 | average valid loss: 0.0987
2023-11-17 18:06:21 INFO     	 Epoch 173 | average train loss: 0.0017
2023-11-17 18:06:22 INFO     	 Epoch 173 | average valid loss: 0.0997
2023-11-17 18:07:15 INFO     	 Epoch 174 | average train loss: 0.0017
2023-11-17 18:07:15 INFO     	 Epoch 174 | average valid loss: 0.0998
2023-11-17 18:07:18 INFO     	 valid MR: 1962.80 | MRR: 0.372 | H@1: 0.277 | H@10: 0.560 | H@50: 0.697 | H@100: 0.737
2023-11-17 18:08:10 INFO     	 Epoch 175 | average train loss: 0.0016
2023-11-17 18:08:11 INFO     	 Epoch 175 | average valid loss: 0.1000
2023-11-17 18:09:04 INFO     	 Epoch 176 | average train loss: 0.0017
2023-11-17 18:09:05 INFO     	 Epoch 176 | average valid loss: 0.1003
2023-11-17 18:09:58 INFO     	 Epoch 177 | average train loss: 0.0016
2023-11-17 18:09:59 INFO     	 Epoch 177 | average valid loss: 0.1006
2023-11-17 18:10:51 INFO     	 Epoch 178 | average train loss: 0.0016
2023-11-17 18:10:52 INFO     	 Epoch 178 | average valid loss: 0.0999
2023-11-17 18:11:45 INFO     	 Epoch 179 | average train loss: 0.0016
2023-11-17 18:11:45 INFO     	 Epoch 179 | average valid loss: 0.1009
2023-11-17 18:11:48 INFO     	 valid MR: 1995.80 | MRR: 0.374 | H@1: 0.279 | H@10: 0.566 | H@50: 0.697 | H@100: 0.738
2023-11-17 18:12:40 INFO     	 Epoch 180 | average train loss: 0.0017
2023-11-17 18:12:41 INFO     	 Epoch 180 | average valid loss: 0.1004
2023-11-17 18:13:34 INFO     	 Epoch 181 | average train loss: 0.0016
2023-11-17 18:13:35 INFO     	 Epoch 181 | average valid loss: 0.1016
2023-11-17 18:14:27 INFO     	 Epoch 182 | average train loss: 0.0016
2023-11-17 18:14:28 INFO     	 Epoch 182 | average valid loss: 0.1003
2023-11-17 18:15:21 INFO     	 Epoch 183 | average train loss: 0.0016
2023-11-17 18:15:22 INFO     	 Epoch 183 | average valid loss: 0.1021
2023-11-17 18:16:15 INFO     	 Epoch 184 | average train loss: 0.0016
2023-11-17 18:16:16 INFO     	 Epoch 184 | average valid loss: 0.1019
2023-11-17 18:16:18 INFO     	 valid MR: 1971.74 | MRR: 0.373 | H@1: 0.278 | H@10: 0.562 | H@50: 0.699 | H@100: 0.735
2023-11-17 18:17:11 INFO     	 Epoch 185 | average train loss: 0.0016
2023-11-17 18:17:11 INFO     	 Epoch 185 | average valid loss: 0.1021
2023-11-17 18:18:04 INFO     	 Epoch 186 | average train loss: 0.0016
2023-11-17 18:18:05 INFO     	 Epoch 186 | average valid loss: 0.1021
2023-11-17 18:18:58 INFO     	 Epoch 187 | average train loss: 0.0016
2023-11-17 18:18:58 INFO     	 Epoch 187 | average valid loss: 0.1031
2023-11-17 18:19:51 INFO     	 Epoch 188 | average train loss: 0.0016
2023-11-17 18:19:52 INFO     	 Epoch 188 | average valid loss: 0.1028
2023-11-17 18:20:44 INFO     	 Epoch 189 | average train loss: 0.0016
2023-11-17 18:20:45 INFO     	 Epoch 189 | average valid loss: 0.1032
2023-11-17 18:20:47 INFO     	 valid MR: 2012.07 | MRR: 0.374 | H@1: 0.279 | H@10: 0.563 | H@50: 0.694 | H@100: 0.735
2023-11-17 18:21:39 INFO     	 Epoch 190 | average train loss: 0.0016
2023-11-17 18:21:40 INFO     	 Epoch 190 | average valid loss: 0.1041
2023-11-17 18:22:32 INFO     	 Epoch 191 | average train loss: 0.0016
2023-11-17 18:22:33 INFO     	 Epoch 191 | average valid loss: 0.1042
2023-11-17 18:23:25 INFO     	 Epoch 192 | average train loss: 0.0016
2023-11-17 18:23:25 INFO     	 Epoch 192 | average valid loss: 0.1036
2023-11-17 18:24:17 INFO     	 Epoch 193 | average train loss: 0.0016
2023-11-17 18:24:18 INFO     	 Epoch 193 | average valid loss: 0.1039
2023-11-17 18:25:10 INFO     	 Epoch 194 | average train loss: 0.0016
2023-11-17 18:25:10 INFO     	 Epoch 194 | average valid loss: 0.1047
2023-11-17 18:25:13 INFO     	 valid MR: 2005.22 | MRR: 0.371 | H@1: 0.275 | H@10: 0.562 | H@50: 0.696 | H@100: 0.736
2023-11-17 18:26:05 INFO     	 Epoch 195 | average train loss: 0.0015
2023-11-17 18:26:05 INFO     	 Epoch 195 | average valid loss: 0.1042
2023-11-17 18:26:57 INFO     	 Epoch 196 | average train loss: 0.0015
2023-11-17 18:26:58 INFO     	 Epoch 196 | average valid loss: 0.1051
2023-11-17 18:27:49 INFO     	 Epoch 197 | average train loss: 0.0016
2023-11-17 18:27:50 INFO     	 Epoch 197 | average valid loss: 0.1050
2023-11-17 18:28:42 INFO     	 Epoch 198 | average train loss: 0.0016
2023-11-17 18:28:43 INFO     	 Epoch 198 | average valid loss: 0.1059
2023-11-17 18:29:34 INFO     	 Epoch 199 | average train loss: 0.0015
2023-11-17 18:29:35 INFO     	 Epoch 199 | average valid loss: 0.1062
2023-11-17 18:29:37 INFO     	 valid MR: 2021.83 | MRR: 0.374 | H@1: 0.280 | H@10: 0.562 | H@50: 0.696 | H@100: 0.735
2023-11-17 18:29:37 INFO     	 Early stopping
2023-11-17 18:29:37 INFO     	 Optimization finished
2023-11-17 18:29:37 INFO     	 Loading best model saved at epoch 124
2023-11-17 18:29:38 INFO     	 valid MR: 2021.83 | MRR: 0.374 | H@1: 0.280 | H@10: 0.562 | H@50: 0.696 | H@100: 0.735
2023-11-17 18:29:40 INFO     	 test MR: 1914.33 | MRR: 0.392 | H@1: 0.294 | H@10: 0.583 | H@50: 0.709 | H@100: 0.744
